{
  "RSpec": {
    "coverage": {
      "/Users/mattburgoyne/Desktop/Projects/Databases/bookmark-manager/lib/app.rb": [
        1,
        1,
        1,
        null,
        1,
        1,
        null,
        null,
        null,
        2,
        0,
        null,
        null,
        null,
        1,
        null,
        1,
        null,
        null,
        null
      ],
      "/Users/mattburgoyne/Desktop/Projects/Databases/bookmark-manager/lib/bookmark.rb": [
        1,
        1,
        null,
        1,
        null,
        1,
        null,
        1,
        1,
        null,
        null,
        null
      ],
      "/Users/mattburgoyne/Desktop/Projects/Databases/bookmark-manager/spec/app_spec.rb": [
        1
      ],
      "/Users/mattburgoyne/Desktop/Projects/Databases/bookmark-manager/spec/bookmark_spec.rb": [
        1,
        null,
        null,
        1,
        1,
        1,
        1,
        1,
        null,
        null,
        null
      ],
      "/Users/mattburgoyne/Desktop/Projects/Databases/bookmark-manager/spec/bookmarkmanager_spec.rb": [
        1,
        null,
        1,
        null,
        1,
        null,
        1,
        null,
        1,
        null,
        null,
        1,
        1,
        null,
        1,
        null,
        null,
        null,
        null,
        1,
        null,
        null,
        null,
        null,
        null,
        null
      ],
      "/Users/mattburgoyne/Desktop/Projects/Databases/bookmark-manager/lib/bookmarkmanager.rb": [
        1,
        1,
        null,
        0,
        null,
        null,
        null,
        1,
        0,
        null,
        null,
        1,
        null,
        1,
        null,
        1,
        null,
        null,
        0,
        null,
        1,
        1,
        null,
        null,
        null,
        null
      ],
      "/Users/mattburgoyne/Desktop/Projects/Databases/bookmark-manager/spec/features/addbookmark_spec.rb": [
        1,
        null,
        1,
        1,
        1,
        1,
        null,
        null
      ],
      "/Users/mattburgoyne/Desktop/Projects/Databases/bookmark-manager/spec/features/view_bookmark_spec.rb": [
        1,
        1,
        1,
        null,
        null,
        1,
        1,
        null,
        1,
        1,
        null,
        null,
        1,
        1,
        1,
        null,
        null,
        1,
        1,
        null,
        1,
        null,
        1,
        1,
        null,
        null,
        null,
        null
      ],
      "/Users/mattburgoyne/Desktop/Projects/Databases/bookmark-manager/spec/setup_test_database.rb": [
        1,
        null,
        1,
        null,
        null,
        1,
        null,
        null,
        1
      ]
    },
    "timestamp": 1523373888
  }
}
